09:08:21 **** Incremental Build of configuration 2i2o2xsxxxd for project app_usb_dxio ****
xmake CONFIG=2i2o2xsxxxd all 
Checking build modules
Using build modules: module_usb_shared module_xud module_usb_audio module_dfu module_usb_device module_i2c_shared module_i2c_single_port module_spdif_tx lib_spi(3.0.2) module_locks
Rebuild .build_2i2o2xsxxxd/_iflag.rsp
Analyzing gpio_access.c
Analyzing interrupt.c
Analyzing flashlib_user.c
Analyzing audiostream.c
Analyzing endpoint0.c
/Users/Fabrice/XMOS/DXIO/module_usb_audio/endpoint0/endpoint0.c:662:13: warning: unused variable 'resultPrev' [-Wunused-variable]
        int resultPrev = result;
            ^
1 warning generated.
Analyzing hostactive.c
Analyzing audioports.c
Analyzing decouple_interrupt.c
Analyzing get_adc_counts.c
Analyzing xuduser.c
Analyzing flash_interface.c
/Users/Fabrice/XMOS/DXIO/module_dfu/src/flash_interface.c:105:9: warning: 'fl_readImageRead' is deprecated [-Wdeprecated-declarations]
    if (fl_readImageRead(current_flash_page_data) == 0)
        ^
/Applications/XMOS_xTIMEcomposer_Community_14.4.1/target/include/flash.h:406:47: note: 'fl_readImageRead' has been explicitly marked deprecated here
__attribute__((deprecated)) static inline int fl_readImageRead(unsigned char page[])
                                              ^
1 warning generated.
Analyzing i2c_shared.c
Analyzing hwlock.c
Analyzing swlock.c
Analyzing audiohw.xc
warning: subword-select option is deprecated and has no effect
Analyzing hidbuttons.xc
warning: subword-select option is deprecated and has no effect
Analyzing user_main.xc
warning: subword-select option is deprecated and has no effect
../src/extensions/user_main.xc:23:9: warning: unused variable `val' [-Wunused-variable]
    int val = ispi.transfer8(0x22);
        ^~~
Analyzing xuduser.xc
warning: subword-select option is deprecated and has no effect
Analyzing ea_protocol_demo.xc
warning: subword-select option is deprecated and has no effect
Analyzing iap_user.xc
warning: subword-select option is deprecated and has no effect
Analyzing usb_std_requests.xc
warning: subword-select option is deprecated and has no effect
Analyzing XUD_EpFunctions.xc
warning: subword-select option is deprecated and has no effect
Analyzing XUD_Ports.xc
warning: subword-select option is deprecated and has no effect
Analyzing audio.xc
warning: subword-select option is deprecated and has no effect
Analyzing main.xc
warning: subword-select option is deprecated and has no effect
Analyzing reboot.xc
warning: subword-select option is deprecated and has no effect
Analyzing warnings.xc
/Users/Fabrice/XMOS/DXIO/module_usb_audio/warnings.xc:11:2: warning: DEFAULT_FREQ not defined. Using MIN_FREQ
#warning DEFAULT_FREQ not defined. Using MIN_FREQ
 ^
/Users/Fabrice/XMOS/DXIO/module_usb_audio/warnings.xc:15:2: warning: MIN_FREQ not defined. Using 44100
#warning MIN_FREQ not defined. Using 44100
 ^
/Users/Fabrice/XMOS/DXIO/module_usb_audio/warnings.xc:27:2: warning: VENDOR_STR not defined. Using "XMOS"
#warning VENDOR_STR not defined. Using "XMOS"
 ^
/Users/Fabrice/XMOS/DXIO/module_usb_audio/warnings.xc:35:2: warning: PRODUCT_STR_A2 not defined. Using default XMOS string
#warning PRODUCT_STR_A2 not defined. Using default XMOS string
 ^
/Users/Fabrice/XMOS/DXIO/module_usb_audio/warnings.xc:39:2: warning: PRODUCT_STR_A1 not defined. Using default XMOS string
#warning PRODUCT_STR_A1 not defined. Using default XMOS string
 ^
/Users/Fabrice/XMOS/DXIO/module_usb_audio/warnings.xc:43:2: warning: BCD_DEVICE not defined. Using XMOS release version number
#warning BCD_DEVICE not defined. Using XMOS release version number
 ^
/Users/Fabrice/XMOS/DXIO/module_usb_audio/warnings.xc:57:2: warning: AUDIO_CLASS not defined, using 2
#warning AUDIO_CLASS not defined, using 2
 ^
/Users/Fabrice/XMOS/DXIO/module_usb_audio/warnings.xc:61:2: warning: AUDIO_CLASS_FALLBACK not defined, using 0 (i.e. disabled)
#warning AUDIO_CLASS_FALLBACK not defined, using 0 (i.e. disabled)
 ^
warning: subword-select option is deprecated and has no effect
/Users/Fabrice/XMOS/DXIO/module_usb_audio/warnings.xc:11:2: warning: DEFAULT_FREQ not defined. Using MIN_FREQ
#warning DEFAULT_FREQ not defined. Using MIN_FREQ
 ^
/Users/Fabrice/XMOS/DXIO/module_usb_audio/warnings.xc:15:2: warning: MIN_FREQ not defined. Using 44100
#warning MIN_FREQ not defined. Using 44100
 ^
/Users/Fabrice/XMOS/DXIO/module_usb_audio/warnings.xc:27:2: warning: VENDOR_STR not defined. Using "XMOS"
#warning VENDOR_STR not defined. Using "XMOS"
 ^
/Users/Fabrice/XMOS/DXIO/module_usb_audio/warnings.xc:35:2: warning: PRODUCT_STR_A2 not defined. Using default XMOS string
#warning PRODUCT_STR_A2 not defined. Using default XMOS string
 ^
/Users/Fabrice/XMOS/DXIO/module_usb_audio/warnings.xc:39:2: warning: PRODUCT_STR_A1 not defined. Using default XMOS string
#warning PRODUCT_STR_A1 not defined. Using default XMOS string
 ^
/Users/Fabrice/XMOS/DXIO/module_usb_audio/warnings.xc:43:2: warning: BCD_DEVICE not defined. Using XMOS release version number
#warning BCD_DEVICE not defined. Using XMOS release version number
 ^
/Users/Fabrice/XMOS/DXIO/module_usb_audio/warnings.xc:57:2: warning: AUDIO_CLASS not defined, using 2
#warning AUDIO_CLASS not defined, using 2
 ^
/Users/Fabrice/XMOS/DXIO/module_usb_audio/warnings.xc:61:2: warning: AUDIO_CLASS_FALLBACK not defined, using 0 (i.e. disabled)
#warning AUDIO_CLASS_FALLBACK not defined, using 0 (i.e. disabled)
 ^
Analyzing clockgen.xc
warning: subword-select option is deprecated and has no effect
Analyzing audiorequests.xc
warning: subword-select option is deprecated and has no effect
/Users/Fabrice/XMOS/DXIO/module_usb_audio/endpoint0/audiorequests.xc:404:41: warning: reinterpretation to type of larger alignment [-Wcast-align]
                                        (buffer, unsigned[])[0] = g_curSamFreq;
                                        ^~~~~~~~~~~~~~~~~~~~
Analyzing dbcalc.xc
warning: subword-select option is deprecated and has no effect
Analyzing mixer.xc
warning: subword-select option is deprecated and has no effect
Analyzing pcm_pdm_mic.xc
warning: subword-select option is deprecated and has no effect
Analyzing audioports.xc
warning: subword-select option is deprecated and has no effect
Analyzing archU_powerSaving.xc
warning: subword-select option is deprecated and has no effect
Analyzing decouple.xc
warning: subword-select option is deprecated and has no effect
Analyzing testct_byref.xc
warning: subword-select option is deprecated and has no effect
Analyzing usb_buffer.xc
warning: subword-select option is deprecated and has no effect
/Users/Fabrice/XMOS/DXIO/module_usb_audio/usb_buffer/usb_buffer.xc:255:5: warning: reinterpretation to type of larger alignment [-Wcast-align]
    (fb_clocks, unsigned[])[0] = 0;
    ^~~~~~~~~~~~~~~~~~~~~~~
/Users/Fabrice/XMOS/DXIO/module_usb_audio/usb_buffer/usb_buffer.xc:536:33: warning: reinterpretation to type of larger alignment [-Wcast-align]
                                (fb_clocks, unsigned[])[0] = clocks;
                                ^~~~~~~~~~~~~~~~~~~~~~~
/Users/Fabrice/XMOS/DXIO/module_usb_audio/usb_buffer/usb_buffer.xc:540:33: warning: reinterpretation to type of larger alignment [-Wcast-align]
                                (fb_clocks, unsigned[])[0] = clocks >> 2;
                                ^~~~~~~~~~~~~~~~~~~~~~~
Analyzing xc_ptr.xc
warning: subword-select option is deprecated and has no effect
Analyzing dfu.xc
warning: subword-select option is deprecated and has no effect
warning: subword-select option is deprecated and has no effect
Analyzing usb_device.xc
warning: subword-select option is deprecated and has no effect
Analyzing i2c-sp.xc
warning: subword-select option is deprecated and has no effect
Analyzing SpdifTransmit.xc
warning: subword-select option is deprecated and has no effect
Analyzing spi_async.xc
warning: subword-select option is deprecated and has no effect
Analyzing spi_slave.xc
warning: subword-select option is deprecated and has no effect
Analyzing spi_sync.xc
warning: subword-select option is deprecated and has no effect
Analyzing XUD_EpFuncs.S
Analyzing write_sswitch_reg_blind.S
Analyzing lock.S
Analyzing fastmix.S
Analyzing swlock_asm.S
Rebuild .build_2i2o2xsxxxd/_pca.rsp
Propagating analysis
Creating dependencies for swlock_asm.S
Creating dependencies for fastmix.S
Creating dependencies for lock.S
Creating dependencies for write_sswitch_reg_blind.S
Creating dependencies for XUD_EpFuncs.S
Creating dependencies for spi_sync.xc
Creating dependencies for spi_slave.xc
Creating dependencies for spi_async.xc
Creating dependencies for SpdifTransmit.xc
Creating dependencies for i2c-sp.xc
Creating dependencies for usb_device.xc
Creating dependencies for dfu.xc
Creating dependencies for xc_ptr.xc
Creating dependencies for usb_buffer.xc
Creating dependencies for testct_byref.xc
Creating dependencies for decouple.xc
Creating dependencies for archU_powerSaving.xc
Creating dependencies for audioports.xc
Creating dependencies for pcm_pdm_mic.xc
Creating dependencies for mixer.xc
Creating dependencies for dbcalc.xc
Creating dependencies for audiorequests.xc
Creating dependencies for clockgen.xc
Creating dependencies for warnings.xc
/Users/Fabrice/XMOS/DXIO/module_usb_audio/warnings.xc:11: warning: #warning DEFAULT_FREQ not defined. Using MIN_FREQ

    #warning DEFAULT_FREQ not defined. Using MIN_FREQ
/Users/Fabrice/XMOS/DXIO/module_usb_audio/warnings.xc:15: warning: #warning MIN_FREQ not defined. Using 44100

    #warning MIN_FREQ not defined. Using 44100
/Users/Fabrice/XMOS/DXIO/module_usb_audio/warnings.xc:27: warning: #warning VENDOR_STR not defined. Using "XMOS"

    #warning VENDOR_STR not defined. Using "XMOS"
/Users/Fabrice/XMOS/DXIO/module_usb_audio/warnings.xc:35: warning: #warning PRODUCT_STR_A2 not defined. Using default XMOS string

    #warning PRODUCT_STR_A2 not defined. Using default XMOS string
/Users/Fabrice/XMOS/DXIO/module_usb_audio/warnings.xc:39: warning: #warning PRODUCT_STR_A1 not defined. Using default XMOS string

    #warning PRODUCT_STR_A1 not defined. Using default XMOS string
/Users/Fabrice/XMOS/DXIO/module_usb_audio/warnings.xc:43: warning: #warning BCD_DEVICE not defined. Using XMOS release version number

    #warning BCD_DEVICE not defined. Using XMOS release version number
/Users/Fabrice/XMOS/DXIO/module_usb_audio/warnings.xc:57: warning: #warning AUDIO_CLASS not defined, using 2

    #warning AUDIO_CLASS not defined, using 2
/Users/Fabrice/XMOS/DXIO/module_usb_audio/warnings.xc:61: warning: #warning AUDIO_CLASS_FALLBACK not defined, using 0 (i.e. disabled)

    #warning AUDIO_CLASS_FALLBACK not defined, using 0 (i.e. disabled)
/Users/Fabrice/XMOS/DXIO/module_usb_audio/warnings.xc:11: warning: #warning DEFAULT_FREQ not defined. Using MIN_FREQ

    #warning DEFAULT_FREQ not defined. Using MIN_FREQ
/Users/Fabrice/XMOS/DXIO/module_usb_audio/warnings.xc:15: warning: #warning MIN_FREQ not defined. Using 44100

    #warning MIN_FREQ not defined. Using 44100
/Users/Fabrice/XMOS/DXIO/module_usb_audio/warnings.xc:27: warning: #warning VENDOR_STR not defined. Using "XMOS"

    #warning VENDOR_STR not defined. Using "XMOS"
/Users/Fabrice/XMOS/DXIO/module_usb_audio/warnings.xc:35: warning: #warning PRODUCT_STR_A2 not defined. Using default XMOS string

    #warning PRODUCT_STR_A2 not defined. Using default XMOS string
/Users/Fabrice/XMOS/DXIO/module_usb_audio/warnings.xc:39: warning: #warning PRODUCT_STR_A1 not defined. Using default XMOS string

    #warning PRODUCT_STR_A1 not defined. Using default XMOS string
/Users/Fabrice/XMOS/DXIO/module_usb_audio/warnings.xc:43: warning: #warning BCD_DEVICE not defined. Using XMOS release version number

    #warning BCD_DEVICE not defined. Using XMOS release version number
/Users/Fabrice/XMOS/DXIO/module_usb_audio/warnings.xc:57: warning: #warning AUDIO_CLASS not defined, using 2

    #warning AUDIO_CLASS not defined, using 2
/Users/Fabrice/XMOS/DXIO/module_usb_audio/warnings.xc:61: warning: #warning AUDIO_CLASS_FALLBACK not defined, using 0 (i.e. disabled)

    #warning AUDIO_CLASS_FALLBACK not defined, using 0 (i.e. disabled)
Creating dependencies for reboot.xc
Creating dependencies for main.xc
Creating dependencies for audio.xc
Creating dependencies for XUD_Ports.xc
Creating dependencies for XUD_EpFunctions.xc
Creating dependencies for usb_std_requests.xc
Creating dependencies for iap_user.xc
Creating dependencies for ea_protocol_demo.xc
Creating dependencies for xuduser.xc
Creating dependencies for user_main.xc
Creating dependencies for hidbuttons.xc
Creating dependencies for audiohw.xc
Creating dependencies for swlock.c
Creating dependencies for hwlock.c
Creating dependencies for i2c_shared.c
Creating dependencies for flash_interface.c
Creating dependencies for xuduser.c
Creating dependencies for get_adc_counts.c
Creating dependencies for decouple_interrupt.c
Creating dependencies for audioports.c
Creating dependencies for hostactive.c
Creating dependencies for endpoint0.c
Creating dependencies for audiostream.c
Creating dependencies for flashlib_user.c
Creating dependencies for interrupt.c
Creating dependencies for gpio_access.c
Compiling gpio_access.c
Compiling interrupt.c
Compiling flashlib_user.c
Compiling audiostream.c
Compiling endpoint0.c
/Users/Fabrice/XMOS/DXIO/module_usb_audio/endpoint0/endpoint0.c:662:13: warning: unused variable 'resultPrev' [-Wunused-variable]
        int resultPrev = result;
            ^
1 warning generated.
Compiling hostactive.c
Compiling audioports.c
Compiling decouple_interrupt.c
Compiling get_adc_counts.c
Compiling xuduser.c
Compiling flash_interface.c
/Users/Fabrice/XMOS/DXIO/module_dfu/src/flash_interface.c:105:9: warning: 'fl_readImageRead' is deprecated [-Wdeprecated-declarations]
    if (fl_readImageRead(current_flash_page_data) == 0)
        ^
/Applications/XMOS_xTIMEcomposer_Community_14.4.1/target/include/flash.h:406:47: note: 'fl_readImageRead' has been explicitly marked deprecated here
__attribute__((deprecated)) static inline int fl_readImageRead(unsigned char page[])
                                              ^
1 warning generated.
Compiling i2c_shared.c
Compiling hwlock.c
Compiling swlock.c
Compiling audiohw.xc
warning: subword-select option is deprecated and has no effect
Compiling hidbuttons.xc
warning: subword-select option is deprecated and has no effect
Compiling user_main.xc
warning: subword-select option is deprecated and has no effect
../src/extensions/user_main.xc:23:9: warning: unused variable `val' [-Wunused-variable]
    int val = ispi.transfer8(0x22);
        ^~~
Compiling xuduser.xc
warning: subword-select option is deprecated and has no effect
Compiling ea_protocol_demo.xc
warning: subword-select option is deprecated and has no effect
Compiling iap_user.xc
warning: subword-select option is deprecated and has no effect
Compiling usb_std_requests.xc
warning: subword-select option is deprecated and has no effect
Compiling XUD_EpFunctions.xc
warning: subword-select option is deprecated and has no effect
Compiling XUD_Ports.xc
warning: subword-select option is deprecated and has no effect
Compiling audio.xc
warning: subword-select option is deprecated and has no effect
Compiling main.xc
warning: subword-select option is deprecated and has no effect
Compiling reboot.xc
warning: subword-select option is deprecated and has no effect
Compiling warnings.xc
/Users/Fabrice/XMOS/DXIO/module_usb_audio/warnings.xc:11:2: warning: DEFAULT_FREQ not defined. Using MIN_FREQ
#warning DEFAULT_FREQ not defined. Using MIN_FREQ
 ^
/Users/Fabrice/XMOS/DXIO/module_usb_audio/warnings.xc:15:2: warning: MIN_FREQ not defined. Using 44100
#warning MIN_FREQ not defined. Using 44100
 ^
/Users/Fabrice/XMOS/DXIO/module_usb_audio/warnings.xc:27:2: warning: VENDOR_STR not defined. Using "XMOS"
#warning VENDOR_STR not defined. Using "XMOS"
 ^
/Users/Fabrice/XMOS/DXIO/module_usb_audio/warnings.xc:35:2: warning: PRODUCT_STR_A2 not defined. Using default XMOS string
#warning PRODUCT_STR_A2 not defined. Using default XMOS string
 ^
/Users/Fabrice/XMOS/DXIO/module_usb_audio/warnings.xc:39:2: warning: PRODUCT_STR_A1 not defined. Using default XMOS string
#warning PRODUCT_STR_A1 not defined. Using default XMOS string
 ^
/Users/Fabrice/XMOS/DXIO/module_usb_audio/warnings.xc:43:2: warning: BCD_DEVICE not defined. Using XMOS release version number
#warning BCD_DEVICE not defined. Using XMOS release version number
 ^
/Users/Fabrice/XMOS/DXIO/module_usb_audio/warnings.xc:57:2: warning: AUDIO_CLASS not defined, using 2
#warning AUDIO_CLASS not defined, using 2
 ^
/Users/Fabrice/XMOS/DXIO/module_usb_audio/warnings.xc:61:2: warning: AUDIO_CLASS_FALLBACK not defined, using 0 (i.e. disabled)
#warning AUDIO_CLASS_FALLBACK not defined, using 0 (i.e. disabled)
 ^
warning: subword-select option is deprecated and has no effect
/Users/Fabrice/XMOS/DXIO/module_usb_audio/warnings.xc:11:2: warning: DEFAULT_FREQ not defined. Using MIN_FREQ
#warning DEFAULT_FREQ not defined. Using MIN_FREQ
 ^
/Users/Fabrice/XMOS/DXIO/module_usb_audio/warnings.xc:15:2: warning: MIN_FREQ not defined. Using 44100
#warning MIN_FREQ not defined. Using 44100
 ^
/Users/Fabrice/XMOS/DXIO/module_usb_audio/warnings.xc:27:2: warning: VENDOR_STR not defined. Using "XMOS"
#warning VENDOR_STR not defined. Using "XMOS"
 ^
/Users/Fabrice/XMOS/DXIO/module_usb_audio/warnings.xc:35:2: warning: PRODUCT_STR_A2 not defined. Using default XMOS string
#warning PRODUCT_STR_A2 not defined. Using default XMOS string
 ^
/Users/Fabrice/XMOS/DXIO/module_usb_audio/warnings.xc:39:2: warning: PRODUCT_STR_A1 not defined. Using default XMOS string
#warning PRODUCT_STR_A1 not defined. Using default XMOS string
 ^
/Users/Fabrice/XMOS/DXIO/module_usb_audio/warnings.xc:43:2: warning: BCD_DEVICE not defined. Using XMOS release version number
#warning BCD_DEVICE not defined. Using XMOS release version number
 ^
/Users/Fabrice/XMOS/DXIO/module_usb_audio/warnings.xc:57:2: warning: AUDIO_CLASS not defined, using 2
#warning AUDIO_CLASS not defined, using 2
 ^
/Users/Fabrice/XMOS/DXIO/module_usb_audio/warnings.xc:61:2: warning: AUDIO_CLASS_FALLBACK not defined, using 0 (i.e. disabled)
#warning AUDIO_CLASS_FALLBACK not defined, using 0 (i.e. disabled)
 ^
Compiling clockgen.xc
warning: subword-select option is deprecated and has no effect
Compiling audiorequests.xc
warning: subword-select option is deprecated and has no effect
/Users/Fabrice/XMOS/DXIO/module_usb_audio/endpoint0/audiorequests.xc:404:41: warning: reinterpretation to type of larger alignment [-Wcast-align]
                                        (buffer, unsigned[])[0] = g_curSamFreq;
                                        ^~~~~~~~~~~~~~~~~~~~
Compiling dbcalc.xc
warning: subword-select option is deprecated and has no effect
Compiling mixer.xc
warning: subword-select option is deprecated and has no effect
Compiling pcm_pdm_mic.xc
warning: subword-select option is deprecated and has no effect
Compiling audioports.xc
warning: subword-select option is deprecated and has no effect
Compiling archU_powerSaving.xc
warning: subword-select option is deprecated and has no effect
Compiling decouple.xc
warning: subword-select option is deprecated and has no effect
Compiling testct_byref.xc
warning: subword-select option is deprecated and has no effect
Compiling usb_buffer.xc
warning: subword-select option is deprecated and has no effect
/Users/Fabrice/XMOS/DXIO/module_usb_audio/usb_buffer/usb_buffer.xc:255:5: warning: reinterpretation to type of larger alignment [-Wcast-align]
    (fb_clocks, unsigned[])[0] = 0;
    ^~~~~~~~~~~~~~~~~~~~~~~
/Users/Fabrice/XMOS/DXIO/module_usb_audio/usb_buffer/usb_buffer.xc:536:33: warning: reinterpretation to type of larger alignment [-Wcast-align]
                                (fb_clocks, unsigned[])[0] = clocks;
                                ^~~~~~~~~~~~~~~~~~~~~~~
/Users/Fabrice/XMOS/DXIO/module_usb_audio/usb_buffer/usb_buffer.xc:540:33: warning: reinterpretation to type of larger alignment [-Wcast-align]
                                (fb_clocks, unsigned[])[0] = clocks >> 2;
                                ^~~~~~~~~~~~~~~~~~~~~~~
Compiling xc_ptr.xc
warning: subword-select option is deprecated and has no effect
Compiling dfu.xc
warning: subword-select option is deprecated and has no effect
warning: subword-select option is deprecated and has no effect
Compiling usb_device.xc
warning: subword-select option is deprecated and has no effect
Compiling i2c-sp.xc
warning: subword-select option is deprecated and has no effect
Compiling SpdifTransmit.xc
warning: subword-select option is deprecated and has no effect
Compiling spi_async.xc
warning: subword-select option is deprecated and has no effect
Compiling spi_slave.xc
warning: subword-select option is deprecated and has no effect
Compiling spi_sync.xc
warning: subword-select option is deprecated and has no effect
Compiling XUD_EpFuncs.S
Compiling write_sswitch_reg_blind.S
Compiling lock.S
Compiling fastmix.S
Compiling swlock_asm.S
Rebuild .build_2i2o2xsxxxd/_obj.rsp
Creating app_usb_dxio_2i2o2xsxxxd.xe
Constraint check for tile[0]:
  Cores available:            8,   used:          1 .  OKAY
  Timers available:          10,   used:          1 .  OKAY
  Chanends available:        32,   used:          3 .  OKAY
  Memory available:       262144,   used:      26216 .  OKAY
    (Stack: 1340, Code: 20340, Data: 4536)
Constraints checks PASSED.
xmap: Warning: port "XS1_PORT_1F" on tile[1] is not connected to any pins in this package.
Constraint check for tile[1]:
  Cores available:            8,   used:          5 .  OKAY
  Timers available:          10,   used:          7 .  OKAY
  Chanends available:        32,   used:         19 .  OKAY
  Memory available:       262144,   used:      47380 .  OKAY
xmap: Warning: port "XS1_PORT_1G" on tile[1] is not connected to any pins in this package.
xmap: Warning: port "XS1_PORT_1E" on tile[1] is not connected to any pins in this package.
xmap: Warning: port "XS1_PORT_1H" on tile[1] is not connected to any pins in this package.
xmap: Warning: port "XS1_PORT_1J" on tile[1] is not connected to any pins in this package.
    (Stack: 4372, Code: 31912, Data: 11096)
Constraints checks PASSED.
xmap: Warning: port "XS1_PORT_1K" on tile[1] is not connected to any pins in this package.
xmap: Warning: port "XS1_PORT_1I" on tile[1] is not connected to any pins in this package.
Build Complete
09:09:44 **** Incremental Build of configuration 2i2o2xsxxxd for project app_usb_dxio ****
xmake CONFIG=2i2o2xsxxxd all 
Checking build modules
Using build modules: module_usb_shared module_xud module_usb_audio module_dfu module_usb_device module_i2c_shared module_i2c_single_port module_spdif_tx lib_spi(3.0.2) module_locks
xmake[1]: `bin/2i2o2xsxxxd/app_usb_dxio_2i2o2xsxxxd.xe' is up to date.
Build Complete
